8
2017-08-15 18:25:25 [29671] [INFO] Starting gunicorn 19.7.1
2017-08-15 18:25:25 [29671] [INFO] Listening at: http://0.0.0.0:8002 (29671)
2017-08-15 18:25:25 [29671] [INFO] Using worker: sync
2017-08-15 18:25:25 [29683] [INFO] Booting worker with pid: 29683
2017-08-15 18:25:26 [29684] [INFO] Booting worker with pid: 29684
--------------------------------------------------------------------------------
DEBUG in config [/Users/wxnacy/WebstormProjects/wxnacy.github.io/app/config.py:69]:
-------------------------init app-------------------------
--------------------------------------------------------------------------------
[2017-08-15 18:25:26,404] [DEBUG] -------------------------init app------------------------- [in /Users/wxnacy/WebstormProjects/wxnacy.github.io/app/config.py:69]
--------------------------------------------------------------------------------
DEBUG in config [/Users/wxnacy/WebstormProjects/wxnacy.github.io/app/config.py:69]:
-------------------------init app-------------------------
--------------------------------------------------------------------------------
[2017-08-15 18:25:26,446] [DEBUG] -------------------------init app------------------------- [in /Users/wxnacy/WebstormProjects/wxnacy.github.io/app/config.py:69]
8
2017-08-15 18:26:33 [29709] [INFO] Starting gunicorn 19.7.1
2017-08-15 18:26:33 [29709] [INFO] Listening at: http://0.0.0.0:8002 (29709)
2017-08-15 18:26:33 [29709] [INFO] Using worker: sync
2017-08-15 18:26:33 [29721] [INFO] Booting worker with pid: 29721
2017-08-15 18:26:33 [29722] [INFO] Booting worker with pid: 29722
--------------------------------------------------------------------------------
DEBUG in config [/Users/wxnacy/WebstormProjects/wxnacy.github.io/app/config.py:69]:
-------------------------init app-------------------------
--------------------------------------------------------------------------------
[2017-08-15 18:26:34,000] [DEBUG] -------------------------init app------------------------- [in /Users/wxnacy/WebstormProjects/wxnacy.github.io/app/config.py:69]
--------------------------------------------------------------------------------
DEBUG in config [/Users/wxnacy/WebstormProjects/wxnacy.github.io/app/config.py:69]:
-------------------------init app-------------------------
--------------------------------------------------------------------------------
[2017-08-15 18:26:34,081] [DEBUG] -------------------------init app------------------------- [in /Users/wxnacy/WebstormProjects/wxnacy.github.io/app/config.py:69]
8
2017-08-15 18:27:31 [29769] [INFO] Starting gunicorn 19.7.1
2017-08-15 18:27:31 [29769] [INFO] Listening at: http://0.0.0.0:8002 (29769)
2017-08-15 18:27:31 [29769] [INFO] Using worker: sync
2017-08-15 18:27:31 [29790] [INFO] Booting worker with pid: 29790
2017-08-15 18:27:31 [29791] [INFO] Booting worker with pid: 29791
--------------------------------------------------------------------------------
DEBUG in config [/Users/wxnacy/WebstormProjects/wxnacy.github.io/app/config.py:69]:
-------------------------init app-------------------------
--------------------------------------------------------------------------------
[2017-08-15 18:27:31,826] [DEBUG] -------------------------init app------------------------- [in /Users/wxnacy/WebstormProjects/wxnacy.github.io/app/config.py:69]
--------------------------------------------------------------------------------
DEBUG in config [/Users/wxnacy/WebstormProjects/wxnacy.github.io/app/config.py:69]:
-------------------------init app-------------------------
--------------------------------------------------------------------------------
[2017-08-15 18:27:31,842] [DEBUG] -------------------------init app------------------------- [in /Users/wxnacy/WebstormProjects/wxnacy.github.io/app/config.py:69]
/Users/wxnacy/.pyenv/versions/3.5.0/envs/env_lightcircle/lib/python3.5/site-packages/flask_sqlalchemy/__init__.py:800: UserWarning: SQLALCHEMY_TRACK_MODIFICATIONS adds significant overhead and will be disabled by default in the future.  Set it to True to suppress this warning.
  warnings.warn('SQLALCHEMY_TRACK_MODIFICATIONS adds significant overhead and will be disabled by default in the future.  Set it to True to suppress this warning.')
--------------------------------------------------------------------------------
DEBUG in run [/Users/wxnacy/WebstormProjects/wxnacy.github.io/run.py:34]:
GET_http://localhost:8002/ begin 
args:ImmutableMultiDict([])
data:b''
headers:
header Accept-Language: zh-CN,zh;q=0.8
header Host: localhost:8002
header Accept: text/html,application/xhtml+xml,application/xml;q=0.9,image/webp,image/apng,*/*;q=0.8
header Cookie: Webstorm-e428d336=e72f6d63-eec9-4d52-a1f1-30f54801b759; Pycharm-3195a85c=5384bc7b-1ad3-4180-bd07-db409479aeb4; UM_distinctid=15db1331dcfee6-0d8f37bddee189-3065780b-13c680-15db1331dd0a9b; CNZZDATA1263285686=1413933550-1501913871-%7C1502791126
header Accept-Encoding: gzip, deflate, br
header Connection: keep-alive
header Upgrade-Insecure-Requests: 1
header User-Agent: Mozilla/5.0 (Macintosh; Intel Mac OS X 10_11_6) AppleWebKit/537.36 (KHTML, like Gecko) Chrome/60.0.3112.90 Safari/537.36

--------------------------------------------------------------------------------
[2017-08-15 18:28:02,706] [DEBUG] GET_http://localhost:8002/ begin 
args:ImmutableMultiDict([])
data:b''
headers:
header Accept-Language: zh-CN,zh;q=0.8
header Host: localhost:8002
header Accept: text/html,application/xhtml+xml,application/xml;q=0.9,image/webp,image/apng,*/*;q=0.8
header Cookie: Webstorm-e428d336=e72f6d63-eec9-4d52-a1f1-30f54801b759; Pycharm-3195a85c=5384bc7b-1ad3-4180-bd07-db409479aeb4; UM_distinctid=15db1331dcfee6-0d8f37bddee189-3065780b-13c680-15db1331dd0a9b; CNZZDATA1263285686=1413933550-1501913871-%7C1502791126
header Accept-Encoding: gzip, deflate, br
header Connection: keep-alive
header Upgrade-Insecure-Requests: 1
header User-Agent: Mozilla/5.0 (Macintosh; Intel Mac OS X 10_11_6) AppleWebKit/537.36 (KHTML, like Gecko) Chrome/60.0.3112.90 Safari/537.36
 [in /Users/wxnacy/WebstormProjects/wxnacy.github.io/run.py:34]
--------------------------------------------------------------------------------
DEBUG in run [/Users/wxnacy/WebstormProjects/wxnacy.github.io/run.py:40]:
127.0.0.1
--------------------------------------------------------------------------------
[2017-08-15 18:28:02,706] [DEBUG] 127.0.0.1 [in /Users/wxnacy/WebstormProjects/wxnacy.github.io/run.py:40]
--------------------------------------------------------------------------------
DEBUG in run [/Users/wxnacy/WebstormProjects/wxnacy.github.io/run.py:69]:
GET_http://localhost:8002/ end time_used:-28799.888103961945
--------------------------------------------------------------------------------
[2017-08-15 18:28:02,814] [DEBUG] GET_http://localhost:8002/ end time_used:-28799.888103961945 [in /Users/wxnacy/WebstormProjects/wxnacy.github.io/run.py:69]
/Users/wxnacy/.pyenv/versions/3.5.0/envs/env_lightcircle/lib/python3.5/site-packages/flask_sqlalchemy/__init__.py:800: UserWarning: SQLALCHEMY_TRACK_MODIFICATIONS adds significant overhead and will be disabled by default in the future.  Set it to True to suppress this warning.
  warnings.warn('SQLALCHEMY_TRACK_MODIFICATIONS adds significant overhead and will be disabled by default in the future.  Set it to True to suppress this warning.')
--------------------------------------------------------------------------------
DEBUG in run [/Users/wxnacy/WebstormProjects/wxnacy.github.io/run.py:34]:
GET_http://localhost:8002/favicon.ico begin 
args:ImmutableMultiDict([])
data:b''
headers:
header Accept-Language: zh-CN,zh;q=0.8
header Host: localhost:8002
header Accept: image/webp,image/apng,image/*,*/*;q=0.8
header Cookie: Webstorm-e428d336=e72f6d63-eec9-4d52-a1f1-30f54801b759; Pycharm-3195a85c=5384bc7b-1ad3-4180-bd07-db409479aeb4; UM_distinctid=15db1331dcfee6-0d8f37bddee189-3065780b-13c680-15db1331dd0a9b; CNZZDATA1263285686=1413933550-1501913871-%7C1502791126
header Referer: http://localhost:8002/
header Accept-Encoding: gzip, deflate, br
header Connection: keep-alive
header User-Agent: Mozilla/5.0 (Macintosh; Intel Mac OS X 10_11_6) AppleWebKit/537.36 (KHTML, like Gecko) Chrome/60.0.3112.90 Safari/537.36

--------------------------------------------------------------------------------
[2017-08-15 18:28:03,417] [DEBUG] GET_http://localhost:8002/favicon.ico begin 
args:ImmutableMultiDict([])
data:b''
headers:
header Accept-Language: zh-CN,zh;q=0.8
header Host: localhost:8002
header Accept: image/webp,image/apng,image/*,*/*;q=0.8
header Cookie: Webstorm-e428d336=e72f6d63-eec9-4d52-a1f1-30f54801b759; Pycharm-3195a85c=5384bc7b-1ad3-4180-bd07-db409479aeb4; UM_distinctid=15db1331dcfee6-0d8f37bddee189-3065780b-13c680-15db1331dd0a9b; CNZZDATA1263285686=1413933550-1501913871-%7C1502791126
header Referer: http://localhost:8002/
header Accept-Encoding: gzip, deflate, br
header Connection: keep-alive
header User-Agent: Mozilla/5.0 (Macintosh; Intel Mac OS X 10_11_6) AppleWebKit/537.36 (KHTML, like Gecko) Chrome/60.0.3112.90 Safari/537.36
 [in /Users/wxnacy/WebstormProjects/wxnacy.github.io/run.py:34]
--------------------------------------------------------------------------------
DEBUG in run [/Users/wxnacy/WebstormProjects/wxnacy.github.io/run.py:40]:
127.0.0.1
--------------------------------------------------------------------------------
[2017-08-15 18:28:03,418] [DEBUG] 127.0.0.1 [in /Users/wxnacy/WebstormProjects/wxnacy.github.io/run.py:40]
--------------------------------------------------------------------------------
DEBUG in run [/Users/wxnacy/WebstormProjects/wxnacy.github.io/run.py:69]:
GET_http://localhost:8002/favicon.ico end time_used:-28799.947919130325
--------------------------------------------------------------------------------
[2017-08-15 18:28:03,466] [DEBUG] GET_http://localhost:8002/favicon.ico end time_used:-28799.947919130325 [in /Users/wxnacy/WebstormProjects/wxnacy.github.io/run.py:69]
8
2017-08-15 18:29:31 [29861] [INFO] Starting gunicorn 19.7.1
2017-08-15 18:29:31 [29861] [INFO] Listening at: http://0.0.0.0:8002 (29861)
2017-08-15 18:29:31 [29861] [INFO] Using worker: sync
2017-08-15 18:29:31 [29873] [INFO] Booting worker with pid: 29873
2017-08-15 18:29:31 [29874] [INFO] Booting worker with pid: 29874
--------------------------------------------------------------------------------
DEBUG in config [/Users/wxnacy/WebstormProjects/wxnacy.github.io/app/config.py:69]:
-------------------------init app-------------------------
--------------------------------------------------------------------------------
[2017-08-15 18:29:31,432] [DEBUG] -------------------------init app------------------------- [in /Users/wxnacy/WebstormProjects/wxnacy.github.io/app/config.py:69]
--------------------------------------------------------------------------------
DEBUG in config [/Users/wxnacy/WebstormProjects/wxnacy.github.io/app/config.py:69]:
-------------------------init app-------------------------
--------------------------------------------------------------------------------
[2017-08-15 18:29:31,525] [DEBUG] -------------------------init app------------------------- [in /Users/wxnacy/WebstormProjects/wxnacy.github.io/app/config.py:69]
8
2017-08-15 18:29:52 [29896] [INFO] Starting gunicorn 19.7.1
2017-08-15 18:29:52 [29896] [INFO] Listening at: http://0.0.0.0:8002 (29896)
2017-08-15 18:29:52 [29896] [INFO] Using worker: sync
2017-08-15 18:29:52 [29908] [INFO] Booting worker with pid: 29908
2017-08-15 18:29:52 [29909] [INFO] Booting worker with pid: 29909
--------------------------------------------------------------------------------
DEBUG in config [/Users/wxnacy/WebstormProjects/wxnacy.github.io/app/config.py:69]:
-------------------------init app-------------------------
--------------------------------------------------------------------------------
--------------------------------------------------------------------------------
DEBUG in config [/Users/wxnacy/WebstormProjects/wxnacy.github.io/app/config.py:69]:
-------------------------init app-------------------------
--------------------------------------------------------------------------------
[2017-08-15 18:29:53,088] [DEBUG] -------------------------init app------------------------- [in /Users/wxnacy/WebstormProjects/wxnacy.github.io/app/config.py:69]
[2017-08-15 18:29:53,088] [DEBUG] -------------------------init app------------------------- [in /Users/wxnacy/WebstormProjects/wxnacy.github.io/app/config.py:69]
8
2017-08-15 18:30:00 [29920] [INFO] Starting gunicorn 19.7.1
2017-08-15 18:30:00 [29920] [INFO] Listening at: http://0.0.0.0:8002 (29920)
2017-08-15 18:30:00 [29920] [INFO] Using worker: sync
2017-08-15 18:30:00 [29932] [INFO] Booting worker with pid: 29932
2017-08-15 18:30:01 [29933] [INFO] Booting worker with pid: 29933
--------------------------------------------------------------------------------
DEBUG in config [/Users/wxnacy/WebstormProjects/wxnacy.github.io/app/config.py:69]:
-------------------------init app-------------------------
--------------------------------------------------------------------------------
[2017-08-15 18:30:01,359] [DEBUG] -------------------------init app------------------------- [in /Users/wxnacy/WebstormProjects/wxnacy.github.io/app/config.py:69]
--------------------------------------------------------------------------------
DEBUG in config [/Users/wxnacy/WebstormProjects/wxnacy.github.io/app/config.py:69]:
-------------------------init app-------------------------
--------------------------------------------------------------------------------
[2017-08-15 18:30:01,416] [DEBUG] -------------------------init app------------------------- [in /Users/wxnacy/WebstormProjects/wxnacy.github.io/app/config.py:69]
8
2017-08-15 18:33:48 [29975] [INFO] Starting gunicorn 19.7.1
2017-08-15 18:33:48 [29975] [INFO] Listening at: http://0.0.0.0:8002 (29975)
2017-08-15 18:33:48 [29975] [INFO] Using worker: sync
2017-08-15 18:33:48 [29987] [INFO] Booting worker with pid: 29987
2017-08-15 18:33:48 [29988] [INFO] Booting worker with pid: 29988
--------------------------------------------------------------------------------
DEBUG in config [/Users/wxnacy/WebstormProjects/wxnacy.github.io/app/config.py:69]:
-------------------------init app-------------------------
--------------------------------------------------------------------------------
[2017-08-15 18:33:48,949] [DEBUG] -------------------------init app------------------------- [in /Users/wxnacy/WebstormProjects/wxnacy.github.io/app/config.py:69]
--------------------------------------------------------------------------------
DEBUG in config [/Users/wxnacy/WebstormProjects/wxnacy.github.io/app/config.py:69]:
-------------------------init app-------------------------
--------------------------------------------------------------------------------
[2017-08-15 18:33:48,974] [DEBUG] -------------------------init app------------------------- [in /Users/wxnacy/WebstormProjects/wxnacy.github.io/app/config.py:69]
8
2017-08-15 18:34:17 [30000] [INFO] Starting gunicorn 19.7.1
2017-08-15 18:34:17 [30000] [INFO] Listening at: http://0.0.0.0:8002 (30000)
2017-08-15 18:34:17 [30000] [INFO] Using worker: sync
2017-08-15 18:34:17 [30012] [INFO] Booting worker with pid: 30012
2017-08-15 18:34:17 [30013] [INFO] Booting worker with pid: 30013
--------------------------------------------------------------------------------
DEBUG in config [/Users/wxnacy/WebstormProjects/wxnacy.github.io/app/config.py:69]:
-------------------------init app-------------------------
--------------------------------------------------------------------------------
[2017-08-15 18:34:17,670] [DEBUG] -------------------------init app------------------------- [in /Users/wxnacy/WebstormProjects/wxnacy.github.io/app/config.py:69]
--------------------------------------------------------------------------------
DEBUG in config [/Users/wxnacy/WebstormProjects/wxnacy.github.io/app/config.py:69]:
-------------------------init app-------------------------
--------------------------------------------------------------------------------
[2017-08-15 18:34:17,710] [DEBUG] -------------------------init app------------------------- [in /Users/wxnacy/WebstormProjects/wxnacy.github.io/app/config.py:69]
